INFO:core.main:Algorithm 1 started
INFO:core.main:Iteration 0 - 2024-04-26 14:01:39.961886
std in (QQ),(x1,x2,x3,x4,x5,x6,k1,k2,k3,k4,k5,k6),(dp(12),C)
[65535:4]1ss
(S:1)-
product criterion:1 chain criterion:0
INFO:core.main:
INFO:core.main:Iteration 1 - 2024-04-26 14:01:39.980384
std in (QQ),(x1,x2,x3,x4,x5,x6,k1,k2,k3,k4,k5,k6),(dp(12),C)
[65535:4]1(2)ss3s
(S:2)--
product criterion:3 chain criterion:0
INFO:core.main:Iteration 2 - 2024-04-26 14:01:39.982464
std in (QQ),(x1,x2,x3,x4,x5,x6,k1,k2,k3,k4,k5,k6),(dp(12),C)
[65535:4]1(3)s(2)s3s4s5s6
(S:4)----
product criterion:7 chain criterion:1
INFO:core.main:Iteration 3 - 2024-04-26 14:01:39.984225
std in (QQ),(x1,x2,x3,x4,x5,x6,k1,k2,k3,k4,k5,k6),(dp(12),C)
[65535:4]1(5)s(4)s3(3)s4(2)ss5-6-s7ss8(3)-s9--s10s(5)--s11(3)--s12-
(S:12)------------
product criterion:23 chain criterion:26
INFO:core.main:Iteration 4 - 2024-04-26 14:01:39.985694
std in (QQ),(x1,x2,x3,x4,x5,x6,k1,k2,k3,k4,k5,k6),(dp(12),C)
[65535:4]1(13)s(12)s3(11)s4(10)ss5--s(8)s6--ss(11)s(13)s7(14)--------s(6)---s(3)-s8(4)--sss9(8)-s(10)s(12)s(9)-s(11)s(13)-10----s(12)-11-s------12-----s13(4)s(7)---s14(6)---s(5)--15---
(S:24)------------------------
product criterion:53 chain criterion:209
INFO:core.main:Iteration 5 - 2024-04-26 14:01:39.988395
std in (QQ),(x1,x2,x3,x4,x5,x6,k1,k2,k3,k4,k5,k6),(dp(12),C)
[65535:4]1(25)s(24)s3(23)s4(22)ss5--s(20)s6--s(18)s(20)s(23)ss(25)s7(26)--------------s(14)s(18)s(20)s(22)s8(24)-------------s(14)-s(15)--9-----s(11)s(14)s(16)s(21)s(25)---s10(24)-------s(20)-s(17)s(22)-----s(21)-11-s(19)-s(21)s(25)s(31)s(33)-s(37)s(41)--s(42)s12(46)s--s(42)-s-s(41)-----s(39)s(42)-s(44)ss(47)--s(49)s(53)s(54)-s(59)--s(61)-s(66)-----s13(65)-------ss(69)s(72)-----s(71)---s(73)s(76)s(77)-s(80)------------s(73)s(76)------s(75)s(79)s(83)-----14---s(79)-----------s(73)-----s-------s(72)-----s(71)-------15-s(67)s(68)s(72)-------s(69)---s(72)-----s(73)----s(71)s(76)-s(81)----------s(78)-s(81)--s16(86)--------------------------s(65)-s(69)--s(71)s(76)--s(79)--s(82)----s(85)s(88)s(94)s(98)s(103)---(100)-s(105)-----(100)---s(103)---(100)--s(104)-s(108)--------(100)--------17-s(96)s(100)-s(105)-----(100)---s(101)-(100)--s(103)---(100)---s--s(103)-s(109)s(114)s(119)s(124)s(127)----s(129)s(133)---18--s(128)s(133)s(138)------s--------s(135)-----------------------------------(100)----------------s(88)----s19s(92)-----s----------s(86)-s(89)s(95)----------s(90)s(95)-----s(96)-s(99)---20------------------------------------------------s(54)----s(55)---21-s(56)-------------------s(41)---------------------s(25)--22------s(22)s(26)-----s(27)-------23-------s(17)s(20)----s(21)s(26)-----24-----------s(13)---------25----
(S:134)--------------------------------------------------------------------------------------------------------------------------------------
product criterion:283 chain criterion:8358
INFO:core.main:Iteration 6 - 2024-04-26 14:01:40.252795
std in (QQ),(x1,x2,x3,x4,x5,x6,k1,k2,k3,k4,k5,k6),(dp(12),C)
[65535:4]1(135)s(134)s3(133)s4(132)ss5--s(130)s6--s(128)s(130)s(133)ss(135)s7(136)--------------s(123)s(126)s(128)ss(129)ss(130)s(134)s(135)s(137)s8(139)-----------s(129)-s(132)--s(133)---s(132)s(135)s(136)s(137)s-s(138)----s(137)--s(139)-s(141)s(143)-s(145)-9----------------------------s(119)-s(123)s(128)s(132)-s(134)s(138)---ss(143)s(148)s(152)s(158)---s(159)---s(160)s(165)-s(169)s(173)s(177)-s(182)--s(184)s(188)---s(189)s(193)s(197)s(201)s10(206)------(200)------s(199)s(204)-s(206)s(210)----s-s(214)s(219)----s(221)s(228)--s(231)s(235)s(240)s(246)s(250)-------s(249)--s(254)s(259)------s-------------------s(243)---------s(238)-----------------------------s(214)--------------(200)-----------------s(188)s(194)-s(200)---11--------------------------------s(168)s(173)--s(175)s(179)---s(181)-s(184)------s--s(187)-----ss(193)-s(196)-----s--s(197)-----------s(192)------------s(185)---s(188)s(195)-----s------s(193)---------------------s(177)-s(181)s(187)s(193)s(200)s(204)-s(210)--------s(207)s(213)-------------(200)----12-s(195)--s(198)--s(204)-s(209)-s(215)-s(219)s(225)-------------s(217)------------s(211)-s(215)--s(213)s(220)-s(223)----s(224)--s(226)---------------s(215)--------------s(208)--------(200)----s(202)--(200)-----s---------------------s(185)-----------s(179)--s(183)---------------s(173)--s(175)----13--s(176)-s(181)---s(184)s(190)s(197)s(203)s(208)s(215)s(222)------s(209)s(215)----s(219)s(218)------s(219)s(223)-----s-s(228)--s(232)-----s(234)s(239)-s(245)s(250)ss(255)---s(257)-------s(254)--------------s(245)------s--------s(242)------------s(235)s(240)--s(243)---14-s(239)s(245)s(251)-s(255)s(261)s(267)--------s(265)-s(264)-s(265)s(270)---s(273)----s(275)s(282)s(288)-s(294)---s(291)s---s(295)-------s-s(300)-------s-------s(299)---------s(295)s(301)s(308)--s(313)-s(319)s(325)-s(330)----s(332)-------s(331)-s(335)s(339)s(344)ss(350)--s(354)s(359)s(365)s(372)s(378)s(383)--s(386)-s(389)s(394)----s(396)-------------s(386)-s(390)----15-s(391)s(397)ss(396)---s(399)-s(394)s(401)-(400)s(407)----s(397)--s(401)s(406)s(407)s(413)-s(418)----------s(414)s(420)s(421)s(428)s(435)s----------------s(419)-s(425)--s(429)--s(420)s(426)-------s(425)s(432)s(438)s(431)--s(429)s(436)s(429)--s(433)-----s(436)-----s(437)----s(439)-s(441)s(446)s--s(444)-s(443)------s-------s(441)---s(445)--s(429)-------s(428)--s(432)---s(434)-s(440)---s(443)s(450)s(456)s(449)s(455)--s(461)--------s(458)----------s(454)--s(457)------s----s(459)s(464)s(471)--s16(472)------------s(460)------------------------s(443)-s(449)--s(454)------s(455)----s(458)s(447)s(454)s(447)---s(450)-s(456)ss(457)-s(461)s(467)-s(466)-----s(467)-s(473)--s(478)-s(472)--s(476)----s(477)s(483)s(488)--------s(486)s(492)s(499)s(505)ss(512)----s(514)-------s(513)-s(519)s(525)---s(521)---s(518)s(523)----s(524)-s(530)-s(529)s(535)--s(539)------ss(543)----s(546)s(553)--s(557)-s(563)------s(550)----------s(546)---------------s(537)--------s(536)----s(538)s(544)s(549)s(554)--s(556)-17------------------------s(525)-s(518)------------------(500)-------s(501)-(500)----------s(497)-s(496)--------------------------------------------s(458)----s(454)-s(460)s(465)-s(470)s(476)s(481)-----s(483)s(489)s(495)s(502)s(509)-s(514)--s(505)-s(510)s(511)---s(514)s(519)----s(515)---s(519)s(524)--s(522)--s(527)s(533)s(538)----18----s(525)-s(518)------------------(500)-s(506)--s(504)---s(501)-(500)-s(507)-------(500)--s(503)---(500)s--------------------------s(467)--s(471)---------s(468)------------------------------------------------s(414)-----------s(410)----------(400)-------s(399)s(407)-s(410)s(413)s(418)s(424)----s(425)s(431)-----------s(426)-s(432)-s(427)--s(431)---s(434)s(441)s(447)s(453)ss(459)-s19(463)-s(449)---------s(444)-------------s(438)---------s(437)-s(443)-------------------------------------------(400)------------s(382)-s(381)--s(379)s(385)--s(388)s(394)---------------------------------------------------------s(342)---------s(338)-----s(339)s(345)-s(344)-20-------------------------------------------(300)-----s---s(304)----(300)-s(306)------(300)-------------------------------------------s(262)---------------------------------------------s(221)-s(227)---s(224)--s(228)s(235)---21--------------------------------(200)------s(198)------------------------------s(175)s(181)------s(182)s(189)-------------------s(176)------------------------s(159)s(165)------------------s(153)--------------s(146)-----s(147)---s22(151)--------------------------------------s(119)-------------------(100)-----------s(96)----s(99)s(105)s(112)------------(100)----s(103)---(100)--s(105)s(112)----------s(109)--23-------(100)--------------------------s(81)s(87)---s(84)------s(85)s(92)s(99)-----s(101)-(100)---s24(104)---s(101)s(108)---s(112)--s(116)----s(117)----s(120)s(126)------s--------------------------(100)-----------s(96)s(103)s(109)s(116)-s(122)----s(125)-----s(127)---25--s(128)---s(132)----------s(128)------------------s(110)s--------s(109)s(114)--------------(100)------------s(95)s(102)-s(108)s(115)-------ss(122)s(129)-----------26--s(123)-----------------------(100)-------s(93)ss--s(98)-------------------s(86)-s(92)----------s(87)s(93)s(99)-----s(100)---27------------s(91)-------sss(98)s(92)s(99)-----s(93)-----