INFO:core.main:Algorithm 0 started
INFO:core.main:Iteration 0 - 2024-04-26 14:01:33.031421
INFO:core.main:Ideal (x1 + x2 + x3 + x4 - 1, x5 + x6 - 1) of Multivariate Polynomial Ring in x1, x2, x3, x4, x5, x6, k1, k2, k3, k4, k5, k6 over Rational Field
INFO:core.main:
std in (QQ),(x1,x2,x3,x4,x5,x6,k1,k2,k3,k4,k5,k6),(dp(12),C)
[65535:4]1ss
(S:1)-
product criterion:1 chain criterion:0
INFO:core.main:
INFO:core.main:Iteration 1 - 2024-04-26 14:01:33.052605
std in (QQ),(x1,x2,x3,x4,x5,x6,k1,k2,k3,k4,k5,k6),(dp(12),C)
[65535:4]1(2)ss3s
(S:2)--
product criterion:3 chain criterion:0
INFO:core.main:
INFO:core.main:Iteration 2 - 2024-04-26 14:01:33.054867
std in (QQ),(x1,x2,x3,x4,x5,x6,k1,k2,k3,k4,k5,k6),(dp(12),C)
[65535:4]1(3)s(2)s3s4s5s6
(S:4)----
product criterion:7 chain criterion:1
INFO:core.main:
INFO:core.main:Iteration 3 - 2024-04-26 14:01:33.057137
std in (QQ),(x1,x2,x3,x4,x5,x6,k1,k2,k3,k4,k5,k6),(dp(12),C)
[65535:4]1(4)s(3)s3(2)s4s5s6-s7ss8(3)-s9--s10s(5)--s11(3)--s12-
(S:12)------------
product criterion:23 chain criterion:26
INFO:core.main:
INFO:core.main:Iteration 4 - 2024-04-26 14:01:33.058827
std in (QQ),(x1,x2,x3,x4,x5,x6,k1,k2,k3,k4,k5,k6),(dp(12),C)
[65535:4]1(5)s(4)s3(3)s4(2)s5s6-s7ss(4)s8(6)-s-s(7)s(9)s9(12)-s(11)s(13)-s10(15)s---------s(9)s(13)-11--s(12)s(14)---12-----13-----s14(4)s(7)---s15(6)---s(5)--16---
(S:24)------------------------
product criterion:47 chain criterion:178
INFO:core.main:
INFO:core.main:Iteration 5 - 2024-04-26 14:01:33.061572
std in (QQ),(x1,x2,x3,x4,x5,x6,k1,k2,k3,k4,k5,k6),(dp(12),C)
[65535:4]1(6)s(5)s3(4)s4(3)s5s6-s7ss(5)s8(7)-s-s(8)s(10)s9(13)-s(12)s(14)-s(16)s10(19)s---------s(13)s(16)s(20)-11--s(19)s(21)---s(20)s(25)s(29)-s(32)-s12(33)-s(32)----s(30)--s(33)-s(35)s(38)s(41)--s13(45)--s(43)----s(41)s(43)s(49)s(55)s(60)-s(56)s(59)-s(62)--s(67)------s(65)---s14--s(63)----ss(66)s(67)---s(68)s(73)----s-s(76)-----15---s(72)----s(68)---s(69)s(73)s(78)-----s(76)s(80)----------s(75)s(79)s(84)-----s(83)s-----s(82)----s(84)s16(91)-s--s(93)------s(91)--s(94)s(100)-s(101)-(100)-s(104)----(100)-----------s(95)-----s(96)-----------s(91)s(97)s(102)-s(108)--s(111)s(115)s(122)--s(125)----17---------------------(100)--------------s(90)--s(93)s(98)----s(99)-------s(98)s(104)----(100)-----------s(96)s(101)-(100)s(103)--s(106)s(111)-s(114)-18--s(116)--s(119)-s---s(122)-----s(121)----s(120)s(126)s(131)--s(135)----s----s(136)----------------------s(119)19--s(117)s(121)----s(118)-s(122)---s(123)s(129)s(134)s(138)s(144)s(149)s(143)---s(145)s(149)--------s(147)----s(148)-s(151)------s(150)--20-------s(144)-----------s(137)---------------------s(120)-------s(119)----21---------------(100)----------------22------------------------------------s(53)-s23(57)---------------------------------24------s(23)s(27)------s------s(26)--25--s---------s(20)s(25)s(30)---------26-----------s(13)---------27----
(S:134)--------------------------------------------------------------------------------------------------------------------------------------
product criterion:283 chain criterion:8707
INFO:core.main:
INFO:core.main:Iteration 6 - 2024-04-26 14:01:33.381283
std in (QQ),(x1,x2,x3,x4,x5,x6,k1,k2,k3,k4,k5,k6),(dp(12),C)
[65535:4]1(7)s(6)s3(5)s4(4)s5s6-s7ss(6)s8(8)-s-s(9)s(11)s9(14)-s(13)s(15)-s(17)s10(20)s---------s(14)s(17)s(21)--s11-s(23)s(26)---s(25)s(30)s(33)-s(36)-s(37)s(40)s12(42)-s(41)----s(39)--s(42)-s(45)s(49)s-s(51)s(54)--s(58)s(61)s13(67)--s(65)-----s(62)s(66)s(70)s(75)---s-s(81)--s(85)------s(83)s(86)---s14(83)--s(81)----s(84)s(88)s(91)s(92)---s(96)s(100)s(105)s(111)-s(116)--s(121)-s(124)s(129)---s(130)------s(129)s(133)-s(136)s15-s(139)----s(135)-----ss(139)s(143)----------s(138)s(142)s(147)----s(149)---------s(145)s(151)s(157)----ss----s(160)s(165)----s(166)s(172)s(178)s(183)-s(188)-s(194)------s(195)------s(194)-s(197)s(203)s(207)----s(210)s(215)--s(219)s(226)s(230)s(235)16--s(234)---------s(227)-----------s(221)--------s(208)--------(200)------s(199)----s(200)--s(204)----(200)---------s(196)s(202)--(200)s(205)s(211)-s(216)----------s(213)s(219)--s(224)--s(227)----s(230)s(235)-s(240)----s(241)s(247)s17(251)----------s(246)s(251)s--s(254)s(259)s(264)-s(269)s------s(268)----s(269)----s(271)-s(276)s(268)-s(267)---------s(264)s(267)--s(269)s(276)s(282)-----s(283)s(289)----------s(282)----s(284)s(288)-s(293)-s(297)-s(296)s(300)-s(304)----(300)--s(303)s(309)s(316)s(322)----s(317)s(322)-s(327)s(332)---s(333)---s(336)s(342)ss(349)-s(355)-s(360)s(365)s(371)s(376)s(383)----s(386)s(392)----s(395)s(402)s(409)s(415)--s(420)-------s(418)---------s(415)--s(419)s(426)s(432)-s(437)----s(438)-------------------------------18-------(400)---------s(397)---s(387)----s(390)-s(394)ss(401)-(400)---s(401)s(394)-----s(393)s(399)s(406)s(407)--s(397)s(402)-s(408)--s(406)--s(410)s(411)s(417)s(423)-s(427)--s(431)--s(429)---s(424)-------s(423)s(429)-s(435)----s(437)--------s(436)-s(441)---s(443)--s(447)---s(451)s(456)s(462)-s(467)s(473)-s(478)--s(480)s(487)-s(486)--s(489)----19------------------------s(465)----------s(455)---s(456)--s(461)------s(462)s(469)--s(457)---s(459)---s(463)s(466)s(471)-s(474)s-----s(476)---s(480)----s(482)s(489)s(495)s(501)-(500)-----------s(495)s(500)s(506)------(500)--s(505)-s(510)s(515)----s-----s(516)s(521)s(527)s(534)s(540)s(545)-------s(531)----s(533)-s(538)s(542)s(548)s(555)s(562)------s--s(553)----s(549)--s(554)s(560)s(565)-s(571)--s(574)s(579)s(585)s(592)s(598)-20---------------------s(571)----------s(555)--s(543)--------------------s(529)--s(535)------------s(528)s(534)-----------s(516)----------------(500)--------------s(491)-----s(486)--------------------s(466)s(472)s(479)--s(483)s(489)s(482)-s(487)----------s(482)-------s(481)s(487)---------21-s(471)---s(472)--s(464)------------s(459)s(467)-s(474)-s(480)--------------------------------------------------------------------------------(400)-----------------------------s(376)-s(378)s(382)s(386)-----------s(381)---s(383)s(389)-s(395)----s(396)s(403)---(400)-----ss(404)----(400)-----------------------s(377)s(384)-s(380)s(386)ss(393)--s22(397)---s(390)------------------s(378)----s(381)--------------------------------------------------------s(330)-----s(325)------------------------s(307)-------(300)---------------------------------------------------------------------s(231)-------s(229)--s(233)-s(239)s(246)-s(245)-23-----s(240)--------------------------s(208)----s(211)-------s(210)----------(200)-s(203)---(200)----------s(196)--------s(195)s-----------------s(184)s(188)---s(192)s(199)--------s(198)s(205)----s(207)-------(200)-----s(201)-(200)--------s(198)s(204)ss(209)-s(214)24--------------(200)-----------------s(189)-----s(190)------------------s(174)-----------s(169)------s(168)------------------------------------s(138)----s(140)-------------------s(128)----s(131)s(138)s(144)s(151)-------------s(145)------s25(146)-----s(148)------------------------------------------------(100)-------------------------s(82)s(89)26----------s(86)--------------s(79)---s(81)s(87)---------s(84)-27----s(79)---s(83)------------------------s(66)s(73)-----s(75)----s28(78)-s(83)s(90)---s(87)--s(91)-------s(90)----s(92)----------------------------s(71)s(78)-s(84)s(91)-s(97)----s(100)---------------29--s(91)s(98)---s(102)--(100)----------------------------------s(73)s(80)s(87)-s(93)s(100)-------ss(107)s(112)------------(100)-------------30--s(91)---s(95)----s(99)s(107)-------(100)s(107)s(112)------------(100)-----s(102)-s(108)-----s(109)---s(112)-s(117)s(123)-s(128)----------------------------(100)--31--s(103)---(100)-------------s(95)s(103)s(111)-------s-----------(100)-----s(101)-(100)----s(103)---(100)----------------------------------32------------s(60)-------ss(68)s(75)s(82)-----s(76)----------------s(66)-----------33----------s(49)--------s---------------------------34----------s(19)------35-------------
(S:335)-----------------------------------------------------------------------------------------------------------------------------------------------------------------------------------------------------------------------------------------------------------------------------------------------------------------------------------------------
product criterion:879 chain criterion:75786
INFO:core.main:
INFO:core.main:Iteration 7 - 2024-04-26 14:02:00.473042
std in (QQ),(x1,x2,x3,x4,x5,x6,k1,k2,k3,k4,k5,k6),(dp(12),C)
[65535:4]1(8)s(7)s3(6)s4(5)s5s6-s7ss(7)s8(9)-s-s(10)s(12)s9(15)-s(14)s(16)-s(18)s10(21)s---------s(15)s(18)s(22)--s11-s(24)s(27)---s(26)s(31)s(34)-s(37)-s(38)s(40)s(43)s12(46)-s(45)----s(43)--s(46)-s(49)s(53)s-s(56)s(59)--s(63)s(66)s(72)s(76)s(79)s13(83)--s(81)-----s(78)ss(83)s(89)---s-s(95)--s(99)------s(97)s(104)---s(101)s14(107)--s(105)----s(108)s(112)s(115)s(116)---s(120)s(124)s(129)s(134)-s(140)--s(138)-s(141)s(146)---s(147)------s(146)s(150)-s(153)s15-s(156)----s(152)-----s(151)-s(154)-------s(152)s(156)s(161)----s(163)---------s(159)s(165)s(171)----ss----s(173)s(178)----s(179)s(184)s-s(189)-s(194)-----s(196)-s(199)s(203)s(208)--s(211)s(203)s(209)s(213)----s(215)s(222)s(229)s(234)s(239)s(245)16--s(244)--------------s(234)--s(238)--------s(237)-s(241)----s(242)----s(245)--s(249)-----------s(240)-s(229)s(235)--s(238)s(243)-s(237)-----------------s(225)----s(228)s(234)-s(238)s(244)----s(245)s(250)s17(254)-------------------s(241)--s(244)--s(247)s(254)s(261)s(255)s(262)--s(265)---s(267)s(272)s(278)s(284)s(287)--s(291)-s(296)s(299)s(307)s(313)s(318)----s(319)--s(322)ssss(326)----s(320)s(325)-s(328)s(334)s(340)s(346)s(351)--s(356)-s(361)s(348)----s(349)s(355)--s(354)-----s(353)s(360)s(366)---s(370)s(377)s(383)----s(384)s(390)-s(393)s(399)s(405)s(411)-s(410)----s(412)----s(415)s(422)--s(413)s(418)-s(413)s(419)--s(423)s(430)s(436)-s(441)----s(443)s(448)--s(452)-----------------s(435)---------18------s(425)-----s(418)-s(410)-s(404)--s(403)s--s(408)s(416)--s(418)--s(414)-s(418)--------s-------s--s(422)s(429)--s(434)-s(440)--s(438)-----s(437)s(444)s(449)--s(453)--s(457)--s(462)s(467)s(473)s(480)s(487)s(492)-------s(491)----s(492)sss(498)----s(500)-s(499)s(505)----s(507)s(514)s(521)-s(525)s(532)--s(536)s-s(542)s(546)s(552)s(558)--s(560)s(565)s(572)s(578)--s(581)s(588)---19------------------------------s(553)ss---s(544)s(532)s--s(535)s(541)--s(546)---s(550)s(556)s(552)-s(558)s(562)s---s(564)s(571)s(573)s(580)s(585)s(589)--s(587)--s(591)s(597)s(604)s(610)s(615)s(620)s(623)s(630)s(635)s(641)s(645)ss(651)--s(649)---s(639)s(631)-------s(630)s(636)s(642)s(648)s(641)-----s(642)s(648)s(653)---s(657)------s(658)--------s(656)------------s(651)s(658)s(664)s(669)s(675)s(680)s(675)-s(680)s(677)s(683)s(688)s(694)s(700)s(707)s(711)s(716)s(721)-s(720)--s(725)s(731)s(737)s(734)--s(738)s(739)s(745)s(751)s--s(754)s(759)s(764)s(771)s(778)-20----------------s(761)----------------------------s(739)---------------------------------------(700)------------------------------s(663)--s(669)--------------------------------s(644)s(651)-----s(647)-----s(649)----s(651)s--ss--s(656)----s(652)ss(647)ss(653)s(659)s(665)s(672)s(679)s(685)s(692)s(698)s(704)-s(703)---(700)s(694)s(702)--(700)s(707)ss(713)-s(719)-s(718)s(721)s-s(727)--s(725)--s(729)s(736)s(743)s(750)s(756)s(763)-s(762)--s(767)--s(762)--